c:\users\arlo\desktop\stuff\iastate class materials\557\projects\assignment 2\02_3d_modeling\02_3d_modeling\hw2_program.dir\debug\vc140.pdb
c:\users\arlo\desktop\stuff\iastate class materials\557\projects\assignment 2\02_3d_modeling\02_3d_modeling\hw2_program.dir\debug\hw2_main.obj
c:\users\arlo\desktop\stuff\iastate class materials\557\projects\assignment 2\02_3d_modeling\02_3d_modeling\hw2_program.dir\debug\coordsystem.obj
c:\users\arlo\desktop\stuff\iastate class materials\557\projects\assignment 2\02_3d_modeling\02_3d_modeling\hw2_program.dir\debug\hci557common.obj
c:\users\arlo\desktop\stuff\iastate class materials\557\projects\assignment 2\02_3d_modeling\02_3d_modeling\hw2_program.dir\debug\controls.obj
c:\users\arlo\desktop\stuff\iastate class materials\557\projects\homework_2\02_3d_modeling\02_3d_modeling\hw2_program.dir\debug\vc140.pdb
c:\users\arlo\desktop\stuff\iastate class materials\557\projects\homework_2\02_3d_modeling\02_3d_modeling\hw2_program.dir\debug\coordsystem.obj
c:\users\arlo\desktop\stuff\iastate class materials\557\projects\homework_2\02_3d_modeling\02_3d_modeling\hw2_program.dir\debug\hci557common.obj
c:\users\arlo\desktop\stuff\iastate class materials\557\projects\homework_2\02_3d_modeling\02_3d_modeling\hw2_program.dir\debug\controls.obj
c:\users\arlo\desktop\stuff\iastate class materials\557\projects\homework_2\02_3d_modeling\02_3d_modeling\hw2_program.dir\debug\hw2_main.obj
c:\users\arlo\desktop\stuff\iastate class materials\557\projects\homework_2\02_3d_modeling\02_3d_modeling\cmakefiles\generate.stamp
c:\users\arlo\desktop\stuff\iastate class materials\557\projects\homework_2\02_3d_modeling\02_3d_modeling\debug\hw2_program.pdb
c:\users\arlo\desktop\stuff\iastate class materials\557\projects\homework_2\02_3d_modeling\02_3d_modeling\hw2_program.dir\debug\hw2_program.tlog\cl.command.1.tlog
c:\users\arlo\desktop\stuff\iastate class materials\557\projects\homework_2\02_3d_modeling\02_3d_modeling\hw2_program.dir\debug\hw2_program.tlog\cl.read.1.tlog
c:\users\arlo\desktop\stuff\iastate class materials\557\projects\homework_2\02_3d_modeling\02_3d_modeling\hw2_program.dir\debug\hw2_program.tlog\cl.write.1.tlog
c:\users\arlo\desktop\stuff\iastate class materials\557\projects\homework_2\02_3d_modeling\02_3d_modeling\hw2_program.dir\debug\hw2_program.tlog\custombuild.command.1.tlog
c:\users\arlo\desktop\stuff\iastate class materials\557\projects\homework_2\02_3d_modeling\02_3d_modeling\hw2_program.dir\debug\hw2_program.tlog\custombuild.read.1.tlog
c:\users\arlo\desktop\stuff\iastate class materials\557\projects\homework_2\02_3d_modeling\02_3d_modeling\hw2_program.dir\debug\hw2_program.tlog\custombuild.write.1.tlog
c:\users\arlo\desktop\stuff\iastate class materials\557\projects\homework_2\02_3d_modeling\02_3d_modeling\hw2_program.dir\debug\hw2_program.tlog\link-cvtres.read.1.tlog
c:\users\arlo\desktop\stuff\iastate class materials\557\projects\homework_2\02_3d_modeling\02_3d_modeling\hw2_program.dir\debug\hw2_program.tlog\link-cvtres.write.1.tlog
c:\users\arlo\desktop\stuff\iastate class materials\557\projects\homework_2\02_3d_modeling\02_3d_modeling\hw2_program.dir\debug\hw2_program.tlog\link-rc.read.1.tlog
c:\users\arlo\desktop\stuff\iastate class materials\557\projects\homework_2\02_3d_modeling\02_3d_modeling\hw2_program.dir\debug\hw2_program.tlog\link-rc.write.1.tlog
c:\users\arlo\desktop\stuff\iastate class materials\557\projects\homework_2\02_3d_modeling\02_3d_modeling\hw2_program.dir\debug\hw2_program.tlog\link.command.1.tlog
c:\users\arlo\desktop\stuff\iastate class materials\557\projects\homework_2\02_3d_modeling\02_3d_modeling\hw2_program.dir\debug\hw2_program.tlog\link.read.1.tlog
c:\users\arlo\desktop\stuff\iastate class materials\557\projects\homework_2\02_3d_modeling\02_3d_modeling\hw2_program.dir\debug\hw2_program.tlog\link.write.1.tlog
